<?xml version="1.0" encoding="UTF-8"?>
<testng-results skipped="0" failed="0" total="1" passed="1">
  <reporter-output>
  </reporter-output>
  <suite name="Default suite" duration-ms="86" started-at="2015-04-28T04:19:44Z" finished-at="2015-04-28T04:19:44Z">
    <groups>
    </groups>
    <test name="Default test" duration-ms="86" started-at="2015-04-28T04:19:44Z" finished-at="2015-04-28T04:19:44Z">
      <class name="TestNGSimple.HttpRequest">
        <test-method status="PASS" signature="aaaa()[pri:0, instance:TestNGSimple.HttpRequest@d576e70]" name="aaaa" duration-ms="69" started-at="2015-04-28T12:19:44Z" finished-at="2015-04-28T12:19:44Z">
          <reporter-output>
          </reporter-output>
        </test-method> <!-- aaaa -->
      </class> <!-- TestNGSimple.HttpRequest -->
    </test> <!-- Default test -->
  </suite> <!-- Default suite -->
</testng-results>
